<?xml version="1.0" encoding="UTF-8"?>
<!-- Generated by org.testng.reporters.JUnitReportReporter -->
<testsuite hostname="LAPTOP-EH4U4A5P" name="mar.PropertiesFiles" tests="1" failures="0" timestamp="19 Apr 2021 19:37:44 GMT" time="0.656" errors="0">
  <testcase name="verifyLogin" time="0.656" classname="mar.PropertiesFiles"/>
</testsuite> <!-- mar.PropertiesFiles -->
